<?xml version="1.0" encoding="UTF-8"?>
<!-- Generated by org.testng.reporters.JUnitReportReporter -->
<testsuite hostname="Alekh" failures="0" tests="39" name="com.affnetz.qa.test.PublicDonationTest_T1" time="465.252" errors="2" timestamp="2024-03-25T16:38:43 IST" skipped="0">
  <testcase classname="com.affnetz.qa.test.PublicDonationTest_T1" name="launchBrowser" time="11.285"/>
  <testcase classname="com.affnetz.qa.test.PublicDonationTest_T1" name="isDonationPage" time="0.061"/>
  <testcase classname="com.affnetz.qa.test.PublicDonationTest_T1" name="fillAllDonorDetails" time="5.375"/>
  <testcase classname="com.affnetz.qa.test.PublicDonationTest_T1" name="setCardDetils" time="0.844"/>
  <testcase classname="com.affnetz.qa.test.PublicDonationTest_T1" name="submitAllDetails" time="2.214"/>
  <testcase classname="com.affnetz.qa.test.PublicDonationTest_T1" name="isDonationDone" time="17.927"/>
  <testcase classname="com.affnetz.qa.test.PublicDonationTest_T1" name="isReciptDownload" time="3.903"/>
  <testcase classname="com.affnetz.qa.test.PublicDonationTest_T1" name="isSuperAdminSeeTheDonorDetails" time="31.079"/>
  <testcase classname="com.affnetz.qa.test.PublicDonationTest_T1" name="goToPublicTributePage" time="14.234"/>
  <testcase classname="com.affnetz.qa.test.PublicDonationTest_T1" name="clickOneTribute" time="13.855"/>
  <testcase classname="com.affnetz.qa.test.PublicDonationTest_T1" name="clickOnDonateButton" time="3.024"/>
  <testcase classname="com.affnetz.qa.test.PublicDonationTest_T1" name="fillAllDonorDetails_Tribute" time="2.994"/>
  <testcase classname="com.affnetz.qa.test.PublicDonationTest_T1" name="setCardDetils_Tribute" time="0.737"/>
  <testcase classname="com.affnetz.qa.test.PublicDonationTest_T1" name="submitAllDetails_Tribute" time="2.163"/>
  <testcase classname="com.affnetz.qa.test.PublicDonationTest_T1" name="isDonationDone_Tribute" time="7.967"/>
  <testcase classname="com.affnetz.qa.test.PublicDonationTest_T1" name="isReciptDownload_Tribute" time="5.982"/>
  <testcase classname="com.affnetz.qa.test.PublicDonationTest_T1" name="isPublicTributeDonorDetaiShowToSuperAdmin" time="67.279">
    <error message="Error {
  message=&#039;Timeout 30000ms exceeded.
  name=&#039;TimeoutError
  stack=&#039;TimeoutError: Timeout 30000ms exceeded.
    at ProgressController.run (C:\Users\Dell\AppData\Local\Temp\playwright-java-14778393028756833279\package\lib\server\progress.js:96:26)
    at Page.screenshot (C:\Users\Dell\AppData\Local\Temp\playwright-java-14778393028756833279\package\lib\server\page.js:458:23)
    at PageDispatcher.screenshot (C:\Users\Dell\AppData\Local\Temp\playwright-java-14778393028756833279\package\lib\dispatchers\pageDispatcher.js:232:33)
    at DispatcherConnection.dispatch (C:\Users\Dell\AppData\Local\Temp\playwright-java-14778393028756833279\package\lib\dispatchers\dispatcher.js:352:46)
}" type="com.microsoft.playwright.TimeoutError">
      <![CDATA[com.microsoft.playwright.TimeoutError: Error {
  message='Timeout 30000ms exceeded.
  name='TimeoutError
  stack='TimeoutError: Timeout 30000ms exceeded.
    at ProgressController.run (C:\Users\Dell\AppData\Local\Temp\playwright-java-14778393028756833279\package\lib\server\progress.js:96:26)
    at Page.screenshot (C:\Users\Dell\AppData\Local\Temp\playwright-java-14778393028756833279\package\lib\server\page.js:458:23)
    at PageDispatcher.screenshot (C:\Users\Dell\AppData\Local\Temp\playwright-java-14778393028756833279\package\lib\dispatchers\pageDispatcher.js:232:33)
    at DispatcherConnection.dispatch (C:\Users\Dell\AppData\Local\Temp\playwright-java-14778393028756833279\package\lib\dispatchers\dispatcher.js:352:46)
}
at com.microsoft.playwright.impl.WaitableResult.get(WaitableResult.java:52)
at com.microsoft.playwright.impl.ChannelOwner.runUntil(ChannelOwner.java:103)
at com.microsoft.playwright.impl.Connection.sendMessage(Connection.java:105)
at com.microsoft.playwright.impl.ChannelOwner.sendMessage(ChannelOwner.java:94)
at com.microsoft.playwright.impl.PageImpl.screenshotImpl(PageImpl.java:1049)
at com.microsoft.playwright.impl.PageImpl.lambda$screenshot$49(PageImpl.java:988)
at com.microsoft.playwright.impl.LoggingSupport.withLogging(LoggingSupport.java:47)
at com.microsoft.playwright.impl.ChannelOwner.withLogging(ChannelOwner.java:79)
at com.microsoft.playwright.impl.PageImpl.screenshot(PageImpl.java:988)
at com.affnetz.qa.factory.PlayWrightFactory_T1.takeScreenshot(PlayWrightFactory_T1.java:79)
at com.affnetz.qa.factory.Listener_T1.onTestFailure(Listener_T1.java:92)
at org.testng.internal.TestListenerHelper.runTestListeners(TestListenerHelper.java:108)
at org.testng.internal.invokers.TestInvoker.runTestResultListener(TestInvoker.java:262)
at org.testng.internal.invokers.TestInvoker.invokeMethod(TestInvoker.java:751)
at org.testng.internal.invokers.TestInvoker.invokeTestMethod(TestInvoker.java:227)
at org.testng.internal.invokers.MethodRunner.runInSequence(MethodRunner.java:50)
at org.testng.internal.invokers.TestInvoker$MethodInvocationAgent.invoke(TestInvoker.java:957)
at org.testng.internal.invokers.TestInvoker.invokeTestMethods(TestInvoker.java:200)
at org.testng.internal.invokers.TestMethodWorker.invokeTestMethods(TestMethodWorker.java:148)
at org.testng.internal.invokers.TestMethodWorker.run(TestMethodWorker.java:128)
at java.base/java.util.ArrayList.forEach(ArrayList.java:1511)
at org.testng.TestRunner.privateRun(TestRunner.java:848)
at org.testng.TestRunner.run(TestRunner.java:621)
at org.testng.SuiteRunner.runTest(SuiteRunner.java:443)
at org.testng.SuiteRunner.runSequentially(SuiteRunner.java:437)
at org.testng.SuiteRunner.privateRun(SuiteRunner.java:397)
at org.testng.SuiteRunner.run(SuiteRunner.java:336)
at org.testng.SuiteRunnerWorker.runSuite(SuiteRunnerWorker.java:52)
at org.testng.SuiteRunnerWorker.run(SuiteRunnerWorker.java:95)
at org.testng.TestNG.runSuitesSequentially(TestNG.java:1280)
at org.testng.TestNG.runSuitesSequentially(TestNG.java:1275)
at org.testng.TestNG.runSuitesLocally(TestNG.java:1200)
at org.testng.TestNG.runSuites(TestNG.java:1114)
at org.testng.TestNG.run(TestNG.java:1082)
at org.testng.remote.AbstractRemoteTestNG.run(AbstractRemoteTestNG.java:115)
at org.testng.remote.RemoteTestNG.initAndRun(RemoteTestNG.java:251)
at org.testng.remote.RemoteTestNG.main(RemoteTestNG.java:77)
Caused by: com.microsoft.playwright.TimeoutError: Error {
  message='Timeout 30000ms exceeded.
  name='TimeoutError
  stack='TimeoutError: Timeout 30000ms exceeded.
    at ProgressController.run (C:\Users\Dell\AppData\Local\Temp\playwright-java-14778393028756833279\package\lib\server\progress.js:96:26)
    at Page.screenshot (C:\Users\Dell\AppData\Local\Temp\playwright-java-14778393028756833279\package\lib\server\page.js:458:23)
    at PageDispatcher.screenshot (C:\Users\Dell\AppData\Local\Temp\playwright-java-14778393028756833279\package\lib\dispatchers\pageDispatcher.js:232:33)
    at DispatcherConnection.dispatch (C:\Users\Dell\AppData\Local\Temp\playwright-java-14778393028756833279\package\lib\dispatchers\dispatcher.js:352:46)
}
at com.microsoft.playwright.impl.Connection.dispatch(Connection.java:181)
at com.microsoft.playwright.impl.Connection.processOneMessage(Connection.java:163)
at com.microsoft.playwright.impl.ChannelOwner.runUntil(ChannelOwner.java:101)
... 35 more
]]>
    </error>
  </testcase> <!-- isPublicTributeDonorDetaiShowToSuperAdmin -->
  <testcase classname="com.affnetz.qa.test.PublicDonationTest_T1" name="isDonorDetailShowInThatParticularTributeDonationSection" time="18.049"/>
  <testcase classname="com.affnetz.qa.test.PublicDonationTest_T1" name="goToPublicCampaignPage" time="12.335"/>
  <testcase classname="com.affnetz.qa.test.PublicDonationTest_T1" name="clickOnCampaign" time="31.669"/>
  <testcase classname="com.affnetz.qa.test.PublicDonationTest_T1" name="clickOnCampDonateButton" time="2.236"/>
  <testcase classname="com.affnetz.qa.test.PublicDonationTest_T1" name="fillAllDonorDetails_Campaign" time="4.221"/>
  <testcase classname="com.affnetz.qa.test.PublicDonationTest_T1" name="setCardDetils_Campaign" time="0.534"/>
  <testcase classname="com.affnetz.qa.test.PublicDonationTest_T1" name="submitAllDetails_Campaign" time="2.335"/>
  <testcase classname="com.affnetz.qa.test.PublicDonationTest_T1" name="isDonationDone_Campaign" time="13.989"/>
  <testcase classname="com.affnetz.qa.test.PublicDonationTest_T1" name="isReciptDownload_Campaign" time="5.803"/>
  <testcase classname="com.affnetz.qa.test.PublicDonationTest_T1" name="isPublicCampaignDonorDetailsIsStoredInDonorReport" time="35.186">
    <error message="Error {
  message=&#039;Timeout 30000ms exceeded.
=========================== logs ===========================
waiting for selector &quot;//a[contains(@href,&#039;donations-report&#039;)]&quot; to be visible
============================================================
  name=&#039;TimeoutError
  stack=&#039;TimeoutError: Timeout 30000ms exceeded.
=========================== logs ===========================
waiting for selector &quot;//a[contains(@href,&#039;donations-report&#039;)]&quot; to be visible
============================================================
    at ProgressController.run (C:\Users\Dell\AppData\Local\Temp\playwright-java-14778393028756833279\package\lib\server\progress.js:96:26)
    at Frame.waitForSelector (C:\Users\Dell\AppData\Local\Temp\playwright-java-14778393028756833279\package\lib\server\frames.js:752:23)
    at FrameDispatcher.waitForSelector (C:\Users\Dell\AppData\Local\Temp\playwright-java-14778393028756833279\package\lib\dispatchers\frameDispatcher.js:104:110)
    at DispatcherConnection.dispatch (C:\Users\Dell\AppData\Local\Temp\playwright-java-14778393028756833279\package\lib\dispatchers\dispatcher.js:352:46)
}" type="com.microsoft.playwright.TimeoutError">
      <![CDATA[com.microsoft.playwright.TimeoutError: Error {
  message='Timeout 30000ms exceeded.
=========================== logs ===========================
waiting for selector "//a[contains(@href,'donations-report')]" to be visible
============================================================
  name='TimeoutError
  stack='TimeoutError: Timeout 30000ms exceeded.
=========================== logs ===========================
waiting for selector "//a[contains(@href,'donations-report')]" to be visible
============================================================
    at ProgressController.run (C:\Users\Dell\AppData\Local\Temp\playwright-java-14778393028756833279\package\lib\server\progress.js:96:26)
    at Frame.waitForSelector (C:\Users\Dell\AppData\Local\Temp\playwright-java-14778393028756833279\package\lib\server\frames.js:752:23)
    at FrameDispatcher.waitForSelector (C:\Users\Dell\AppData\Local\Temp\playwright-java-14778393028756833279\package\lib\dispatchers\frameDispatcher.js:104:110)
    at DispatcherConnection.dispatch (C:\Users\Dell\AppData\Local\Temp\playwright-java-14778393028756833279\package\lib\dispatchers\dispatcher.js:352:46)
}
at com.microsoft.playwright.impl.WaitableResult.get(WaitableResult.java:52)
at com.microsoft.playwright.impl.ChannelOwner.runUntil(ChannelOwner.java:103)
at com.microsoft.playwright.impl.Connection.sendMessage(Connection.java:105)
at com.microsoft.playwright.impl.ChannelOwner.sendMessage(ChannelOwner.java:94)
at com.microsoft.playwright.impl.FrameImpl.waitForSelectorImpl(FrameImpl.java:971)
at com.microsoft.playwright.impl.LocatorImpl.lambda$waitForImpl$6(LocatorImpl.java:462)
at com.microsoft.playwright.impl.LoggingSupport.withLogging(LoggingSupport.java:47)
at com.microsoft.playwright.impl.ChannelOwner.withLogging(ChannelOwner.java:79)
at com.microsoft.playwright.impl.LocatorImpl.waitForImpl(LocatorImpl.java:462)
at com.microsoft.playwright.impl.LocatorImpl.waitFor(LocatorImpl.java:458)
at com.microsoft.playwright.Locator.waitFor(Locator.java:2910)
at com.qa.affnetz.InternalPages.DashboardRepo_T1.clickOnDonorReportLink(DashboardRepo_T1.java:117)
at com.affnetz.qa.test.PublicDonationTest_T1.isPublicCampaignDonorDetailsIsStoredInDonorReport(PublicDonationTest_T1.java:405)
at java.base/jdk.internal.reflect.NativeMethodAccessorImpl.invoke0(Native Method)
at java.base/jdk.internal.reflect.NativeMethodAccessorImpl.invoke(NativeMethodAccessorImpl.java:77)
at java.base/jdk.internal.reflect.DelegatingMethodAccessorImpl.invoke(DelegatingMethodAccessorImpl.java:43)
at java.base/java.lang.reflect.Method.invoke(Method.java:568)
at org.testng.internal.invokers.MethodInvocationHelper.invokeMethod(MethodInvocationHelper.java:139)
at org.testng.internal.invokers.TestInvoker.invokeMethod(TestInvoker.java:664)
at org.testng.internal.invokers.TestInvoker.invokeTestMethod(TestInvoker.java:227)
at org.testng.internal.invokers.MethodRunner.runInSequence(MethodRunner.java:50)
at org.testng.internal.invokers.TestInvoker$MethodInvocationAgent.invoke(TestInvoker.java:957)
at org.testng.internal.invokers.TestInvoker.invokeTestMethods(TestInvoker.java:200)
at org.testng.internal.invokers.TestMethodWorker.invokeTestMethods(TestMethodWorker.java:148)
at org.testng.internal.invokers.TestMethodWorker.run(TestMethodWorker.java:128)
at java.base/java.util.ArrayList.forEach(ArrayList.java:1511)
at org.testng.TestRunner.privateRun(TestRunner.java:848)
at org.testng.TestRunner.run(TestRunner.java:621)
at org.testng.SuiteRunner.runTest(SuiteRunner.java:443)
at org.testng.SuiteRunner.runSequentially(SuiteRunner.java:437)
at org.testng.SuiteRunner.privateRun(SuiteRunner.java:397)
at org.testng.SuiteRunner.run(SuiteRunner.java:336)
at org.testng.SuiteRunnerWorker.runSuite(SuiteRunnerWorker.java:52)
at org.testng.SuiteRunnerWorker.run(SuiteRunnerWorker.java:95)
at org.testng.TestNG.runSuitesSequentially(TestNG.java:1280)
at org.testng.TestNG.runSuitesSequentially(TestNG.java:1275)
at org.testng.TestNG.runSuitesLocally(TestNG.java:1200)
at org.testng.TestNG.runSuites(TestNG.java:1114)
at org.testng.TestNG.run(TestNG.java:1082)
at org.testng.remote.AbstractRemoteTestNG.run(AbstractRemoteTestNG.java:115)
at org.testng.remote.RemoteTestNG.initAndRun(RemoteTestNG.java:251)
at org.testng.remote.RemoteTestNG.main(RemoteTestNG.java:77)
Caused by: com.microsoft.playwright.TimeoutError: Error {
  message='Timeout 30000ms exceeded.
=========================== logs ===========================
waiting for selector "//a[contains(@href,'donations-report')]" to be visible
============================================================
  name='TimeoutError
  stack='TimeoutError: Timeout 30000ms exceeded.
=========================== logs ===========================
waiting for selector "//a[contains(@href,'donations-report')]" to be visible
============================================================
    at ProgressController.run (C:\Users\Dell\AppData\Local\Temp\playwright-java-14778393028756833279\package\lib\server\progress.js:96:26)
    at Frame.waitForSelector (C:\Users\Dell\AppData\Local\Temp\playwright-java-14778393028756833279\package\lib\server\frames.js:752:23)
    at FrameDispatcher.waitForSelector (C:\Users\Dell\AppData\Local\Temp\playwright-java-14778393028756833279\package\lib\dispatchers\frameDispatcher.js:104:110)
    at DispatcherConnection.dispatch (C:\Users\Dell\AppData\Local\Temp\playwright-java-14778393028756833279\package\lib\dispatchers\dispatcher.js:352:46)
}
at com.microsoft.playwright.impl.Connection.dispatch(Connection.java:181)
at com.microsoft.playwright.impl.Connection.processOneMessage(Connection.java:163)
at com.microsoft.playwright.impl.ChannelOwner.runUntil(ChannelOwner.java:101)
... 40 more
]]>
    </error>
  </testcase> <!-- isPublicCampaignDonorDetailsIsStoredInDonorReport -->
  <testcase classname="com.affnetz.qa.test.PublicDonationTest_T1" name="isDonorDetailsIsShowingInThatParticularCampaignDonatiosSection" time="23.546"/>
  <testcase classname="com.affnetz.qa.test.PublicDonationTest_T1" name="testPublicTeamCampaignDonation" time="22.186"/>
  <testcase classname="com.affnetz.qa.test.PublicDonationTest_T1" name="goToPublicCampaign" time="12.117"/>
  <testcase classname="com.affnetz.qa.test.PublicDonationTest_T1" name="goToCampaignTeam" time="5.516"/>
  <testcase classname="com.affnetz.qa.test.PublicDonationTest_T1" name="goToTeamDonationPage" time="2.080"/>
  <testcase classname="com.affnetz.qa.test.PublicDonationTest_T1" name="fillAllDonorDetails_Team" time="4.930"/>
  <testcase classname="com.affnetz.qa.test.PublicDonationTest_T1" name="setCardDetils_Team" time="0.586"/>
  <testcase classname="com.affnetz.qa.test.PublicDonationTest_T1" name="submitAllDetails_Team" time="2.204"/>
  <testcase classname="com.affnetz.qa.test.PublicDonationTest_T1" name="isDonationDone_Team" time="12.115"/>
  <testcase classname="com.affnetz.qa.test.PublicDonationTest_T1" name="isReciptDownload_Team" time="5.716"/>
  <testcase classname="com.affnetz.qa.test.PublicDonationTest_T1" name="isPublicCampaignTeamDonorDetailsIsStoredInDonorReport" time="34.068"/>
  <testcase classname="com.affnetz.qa.test.PublicDonationTest_T1" name="isDonorDetailsIsShowingInThatParticularCampaignTeamDonatiosSection" time="22.908"/>
</testsuite> <!-- com.affnetz.qa.test.PublicDonationTest_T1 -->
